[2023-10-20 13:04:45,292] http-nio-9090-exec-3 com.example.demo.Controller.AdminController 103 INFO   - Accessed the manage role page
[2023-10-20 13:04:49,783] http-nio-9090-exec-8 com.example.demo.Controller.AdminController 133 INFO   - Accessed the appointment page
[2023-10-20 13:04:53,888] http-nio-9090-exec-2 com.example.demo.Controller.AdminController 103 INFO   - Accessed the manage role page
[2023-10-20 13:04:57,827] http-nio-9090-exec-9 com.example.demo.Controller.AdminController 191 INFO   - Deleted user with ID: 8
[2023-10-20 13:04:57,857] http-nio-9090-exec-6 com.example.demo.Controller.AdminController 103 INFO   - Accessed the manage role page
[2023-10-20 13:04:59,238] http-nio-9090-exec-3 com.example.demo.Controller.AdminController 191 INFO   - Deleted user with ID: 4
[2023-10-20 13:04:59,260] http-nio-9090-exec-8 com.example.demo.Controller.AdminController 103 INFO   - Accessed the manage role page
[2023-10-20 13:05:00,944] http-nio-9090-exec-10 com.example.demo.Controller.AdminController 191 INFO   - Deleted user with ID: 3
[2023-10-20 13:05:00,965] http-nio-9090-exec-4 com.example.demo.Controller.AdminController 103 INFO   - Accessed the manage role page
[2023-10-20 13:05:02,168] http-nio-9090-exec-5 com.example.demo.Controller.AdminController 191 INFO   - Deleted user with ID: 2
[2023-10-20 13:05:02,192] http-nio-9090-exec-2 com.example.demo.Controller.AdminController 103 INFO   - Accessed the manage role page
[2023-10-20 13:05:31,886] http-nio-9090-exec-6 com.example.demo.Controller.AdminController 168 INFO   - User registered with email: pasan@gmail.com
[2023-10-20 13:05:31,908] http-nio-9090-exec-4 com.example.demo.Controller.AdminController 103 INFO   - Accessed the manage role page
[2023-10-20 13:05:50,890] http-nio-9090-exec-7 com.example.demo.Controller.AdminController 103 INFO   - Accessed the manage role page
[2023-10-20 13:05:52,680] http-nio-9090-exec-4 com.example.demo.Controller.AdminController 240 INFO   - Editing user with ID: 9
[2023-10-20 13:05:56,396] http-nio-9090-exec-1 com.example.demo.Controller.AdminController 268 INFO   - Updated user with ID: 9
[2023-10-20 13:05:56,417] http-nio-9090-exec-6 com.example.demo.Controller.AdminController 103 INFO   - Accessed the manage role page
[2023-10-20 13:06:05,402] http-nio-9090-exec-1 com.example.demo.Controller.DoctorController 99 INFO   - Accessed the AddDetails page
[2023-10-20 13:06:10,381] http-nio-9090-exec-4 com.example.demo.Controller.DoctorController 340 INFO   - Doctor details have been successfully saved.
[2023-10-20 13:06:31,435] http-nio-9090-exec-4 com.example.demo.Controller.frontPageController 200 INFO   - User registered successfully with email: maduraprasa00@gmail.com
[2023-10-20 13:09:03,363] http-nio-9090-exec-10 com.example.demo.Controller.DoctorController 143 ERROR  - An error occurred while accessing the Appointment page
java.lang.NullPointerException: Cannot invoke "com.example.demo.Model.DoctorDetails.getName()" because "details" is null
	at com.example.demo.Controller.DoctorController.Appointment(DoctorController.java:133)
	at java.base/jdk.internal.reflect.DirectMethodHandleAccessor.invoke(DirectMethodHandleAccessor.java:104)
	at java.base/java.lang.reflect.Method.invoke(Method.java:578)
	at org.springframework.web.method.support.InvocableHandlerMethod.doInvoke(InvocableHandlerMethod.java:205)
	at org.springframework.web.method.support.InvocableHandlerMethod.invokeForRequest(InvocableHandlerMethod.java:150)
	at org.springframework.web.servlet.mvc.method.annotation.ServletInvocableHandlerMethod.invokeAndHandle(ServletInvocableHandlerMethod.java:118)
	at org.springframework.web.servlet.mvc.method.annotation.RequestMappingHandlerAdapter.invokeHandlerMethod(RequestMappingHandlerAdapter.java:884)
	at org.springframework.web.servlet.mvc.method.annotation.RequestMappingHandlerAdapter.handleInternal(RequestMappingHandlerAdapter.java:797)
	at org.springframework.web.servlet.mvc.method.AbstractHandlerMethodAdapter.handle(AbstractHandlerMethodAdapter.java:87)
	at org.springframework.web.servlet.DispatcherServlet.doDispatch(DispatcherServlet.java:1081)
	at org.springframework.web.servlet.DispatcherServlet.doService(DispatcherServlet.java:974)
	at org.springframework.web.servlet.FrameworkServlet.processRequest(FrameworkServlet.java:1011)
	at org.springframework.web.servlet.FrameworkServlet.doGet(FrameworkServlet.java:903)
	at jakarta.servlet.http.HttpServlet.service(HttpServlet.java:564)
	at org.springframework.web.servlet.FrameworkServlet.service(FrameworkServlet.java:885)
	at jakarta.servlet.http.HttpServlet.service(HttpServlet.java:658)
	at org.apache.catalina.core.ApplicationFilterChain.internalDoFilter(ApplicationFilterChain.java:205)
	at org.apache.catalina.core.ApplicationFilterChain.doFilter(ApplicationFilterChain.java:149)
	at org.apache.tomcat.websocket.server.WsFilter.doFilter(WsFilter.java:51)
	at org.apache.catalina.core.ApplicationFilterChain.internalDoFilter(ApplicationFilterChain.java:174)
	at org.apache.catalina.core.ApplicationFilterChain.doFilter(ApplicationFilterChain.java:149)
	at org.springframework.security.web.FilterChainProxy.lambda$doFilterInternal$3(FilterChainProxy.java:231)
	at org.springframework.security.web.FilterChainProxy$VirtualFilterChain.doFilter(FilterChainProxy.java:365)
	at org.springframework.security.web.access.intercept.AuthorizationFilter.doFilter(AuthorizationFilter.java:100)
	at org.springframework.security.web.FilterChainProxy$VirtualFilterChain.doFilter(FilterChainProxy.java:374)
	at org.springframework.security.web.access.ExceptionTranslationFilter.doFilter(ExceptionTranslationFilter.java:126)
	at org.springframework.security.web.access.ExceptionTranslationFilter.doFilter(ExceptionTranslationFilter.java:120)
	at org.springframework.security.web.FilterChainProxy$VirtualFilterChain.doFilter(FilterChainProxy.java:374)
	at org.springframework.security.web.authentication.AnonymousAuthenticationFilter.doFilter(AnonymousAuthenticationFilter.java:100)
	at org.springframework.security.web.FilterChainProxy$VirtualFilterChain.doFilter(FilterChainProxy.java:374)
	at org.springframework.security.web.servletapi.SecurityContextHolderAwareRequestFilter.doFilter(SecurityContextHolderAwareRequestFilter.java:179)
	at org.springframework.security.web.FilterChainProxy$VirtualFilterChain.doFilter(FilterChainProxy.java:374)
	at org.springframework.security.web.savedrequest.RequestCacheAwareFilter.doFilter(RequestCacheAwareFilter.java:63)
	at org.springframework.security.web.FilterChainProxy$VirtualFilterChain.doFilter(FilterChainProxy.java:374)
	at org.springframework.security.web.authentication.AbstractAuthenticationProcessingFilter.doFilter(AbstractAuthenticationProcessingFilter.java:227)
	at org.springframework.security.web.authentication.AbstractAuthenticationProcessingFilter.doFilter(AbstractAuthenticationProcessingFilter.java:221)
	at org.springframework.security.web.FilterChainProxy$VirtualFilterChain.doFilter(FilterChainProxy.java:374)
	at org.springframework.security.web.authentication.logout.LogoutFilter.doFilter(LogoutFilter.java:107)
	at org.springframework.security.web.authentication.logout.LogoutFilter.doFilter(LogoutFilter.java:93)
	at org.springframework.security.web.FilterChainProxy$VirtualFilterChain.doFilter(FilterChainProxy.java:374)
	at org.springframework.security.web.header.HeaderWriterFilter.doHeadersAfter(HeaderWriterFilter.java:90)
	at org.springframework.security.web.header.HeaderWriterFilter.doFilterInternal(HeaderWriterFilter.java:75)
	at org.springframework.web.filter.OncePerRequestFilter.doFilter(OncePerRequestFilter.java:116)
	at org.springframework.security.web.FilterChainProxy$VirtualFilterChain.doFilter(FilterChainProxy.java:374)
	at org.springframework.security.web.context.SecurityContextHolderFilter.doFilter(SecurityContextHolderFilter.java:82)
	at org.springframework.security.web.context.SecurityContextHolderFilter.doFilter(SecurityContextHolderFilter.java:69)
	at org.springframework.security.web.FilterChainProxy$VirtualFilterChain.doFilter(FilterChainProxy.java:374)
	at org.springframework.security.web.context.request.async.WebAsyncManagerIntegrationFilter.doFilterInternal(WebAsyncManagerIntegrationFilter.java:62)
	at org.springframework.web.filter.OncePerRequestFilter.doFilter(OncePerRequestFilter.java:116)
	at org.springframework.security.web.FilterChainProxy$VirtualFilterChain.doFilter(FilterChainProxy.java:374)
	at org.springframework.security.web.session.DisableEncodeUrlFilter.doFilterInternal(DisableEncodeUrlFilter.java:42)
	at org.springframework.web.filter.OncePerRequestFilter.doFilter(OncePerRequestFilter.java:116)
	at org.springframework.security.web.FilterChainProxy$VirtualFilterChain.doFilter(FilterChainProxy.java:374)
	at org.springframework.security.web.FilterChainProxy.doFilterInternal(FilterChainProxy.java:233)
	at org.springframework.security.web.FilterChainProxy.doFilter(FilterChainProxy.java:191)
	at org.springframework.web.filter.DelegatingFilterProxy.invokeDelegate(DelegatingFilterProxy.java:352)
	at org.springframework.web.filter.DelegatingFilterProxy.doFilter(DelegatingFilterProxy.java:268)
	at org.apache.catalina.core.ApplicationFilterChain.internalDoFilter(ApplicationFilterChain.java:174)
	at org.apache.catalina.core.ApplicationFilterChain.doFilter(ApplicationFilterChain.java:149)
	at org.springframework.web.filter.RequestContextFilter.doFilterInternal(RequestContextFilter.java:100)
	at org.springframework.web.filter.OncePerRequestFilter.doFilter(OncePerRequestFilter.java:116)
	at org.apache.catalina.core.ApplicationFilterChain.internalDoFilter(ApplicationFilterChain.java:174)
	at org.apache.catalina.core.ApplicationFilterChain.doFilter(ApplicationFilterChain.java:149)
	at org.springframework.web.filter.FormContentFilter.doFilterInternal(FormContentFilter.java:93)
	at org.springframework.web.filter.OncePerRequestFilter.doFilter(OncePerRequestFilter.java:116)
	at org.apache.catalina.core.ApplicationFilterChain.internalDoFilter(ApplicationFilterChain.java:174)
	at org.apache.catalina.core.ApplicationFilterChain.doFilter(ApplicationFilterChain.java:149)
	at org.springframework.web.filter.CharacterEncodingFilter.doFilterInternal(CharacterEncodingFilter.java:201)
	at org.springframework.web.filter.OncePerRequestFilter.doFilter(OncePerRequestFilter.java:116)
	at org.apache.catalina.core.ApplicationFilterChain.internalDoFilter(ApplicationFilterChain.java:174)
	at org.apache.catalina.core.ApplicationFilterChain.doFilter(ApplicationFilterChain.java:149)
	at org.apache.catalina.core.StandardWrapperValve.invoke(StandardWrapperValve.java:167)
	at org.apache.catalina.core.StandardContextValve.invoke(StandardContextValve.java:90)
	at org.apache.catalina.authenticator.AuthenticatorBase.invoke(AuthenticatorBase.java:482)
	at org.apache.catalina.core.StandardHostValve.invoke(StandardHostValve.java:115)
	at org.apache.catalina.valves.ErrorReportValve.invoke(ErrorReportValve.java:93)
	at org.apache.catalina.core.StandardEngineValve.invoke(StandardEngineValve.java:74)
	at org.apache.catalina.connector.CoyoteAdapter.service(CoyoteAdapter.java:340)
	at org.apache.coyote.http11.Http11Processor.service(Http11Processor.java:391)
	at org.apache.coyote.AbstractProcessorLight.process(AbstractProcessorLight.java:63)
	at org.apache.coyote.AbstractProtocol$ConnectionHandler.process(AbstractProtocol.java:896)
	at org.apache.tomcat.util.net.NioEndpoint$SocketProcessor.doRun(NioEndpoint.java:1744)
	at org.apache.tomcat.util.net.SocketProcessorBase.run(SocketProcessorBase.java:52)
	at org.apache.tomcat.util.threads.ThreadPoolExecutor.runWorker(ThreadPoolExecutor.java:1191)
	at org.apache.tomcat.util.threads.ThreadPoolExecutor$Worker.run(ThreadPoolExecutor.java:659)
	at org.apache.tomcat.util.threads.TaskThread$WrappingRunnable.run(TaskThread.java:61)
	at java.base/java.lang.Thread.run(Thread.java:1589)
[2023-10-20 13:09:03,367] http-nio-9090-exec-10 com.example.demo.Controller.DoctorController 146 WARN   - Failed to access the Appointment page
[2023-10-20 13:09:06,936] http-nio-9090-exec-7 com.example.demo.Controller.DoctorController 99 INFO   - Accessed the AddDetails page
[2023-10-20 13:09:11,373] http-nio-9090-exec-8 com.example.demo.Controller.DoctorController 340 INFO   - Doctor details have been successfully saved.
[2023-10-20 13:11:05,074] http-nio-9090-exec-4 com.example.demo.Controller.DoctorController 143 ERROR  - An error occurred while accessing the Appointment page
java.lang.NullPointerException: Cannot invoke "com.example.demo.Model.DoctorDetails.getFirstName()" because "details" is null
	at com.example.demo.Controller.DoctorController.Appointment(DoctorController.java:133)
	at java.base/jdk.internal.reflect.DirectMethodHandleAccessor.invoke(DirectMethodHandleAccessor.java:104)
	at java.base/java.lang.reflect.Method.invoke(Method.java:578)
	at org.springframework.web.method.support.InvocableHandlerMethod.doInvoke(InvocableHandlerMethod.java:205)
	at org.springframework.web.method.support.InvocableHandlerMethod.invokeForRequest(InvocableHandlerMethod.java:150)
	at org.springframework.web.servlet.mvc.method.annotation.ServletInvocableHandlerMethod.invokeAndHandle(ServletInvocableHandlerMethod.java:118)
	at org.springframework.web.servlet.mvc.method.annotation.RequestMappingHandlerAdapter.invokeHandlerMethod(RequestMappingHandlerAdapter.java:884)
	at org.springframework.web.servlet.mvc.method.annotation.RequestMappingHandlerAdapter.handleInternal(RequestMappingHandlerAdapter.java:797)
	at org.springframework.web.servlet.mvc.method.AbstractHandlerMethodAdapter.handle(AbstractHandlerMethodAdapter.java:87)
	at org.springframework.web.servlet.DispatcherServlet.doDispatch(DispatcherServlet.java:1081)
	at org.springframework.web.servlet.DispatcherServlet.doService(DispatcherServlet.java:974)
	at org.springframework.web.servlet.FrameworkServlet.processRequest(FrameworkServlet.java:1011)
	at org.springframework.web.servlet.FrameworkServlet.doGet(FrameworkServlet.java:903)
	at jakarta.servlet.http.HttpServlet.service(HttpServlet.java:564)
	at org.springframework.web.servlet.FrameworkServlet.service(FrameworkServlet.java:885)
	at jakarta.servlet.http.HttpServlet.service(HttpServlet.java:658)
	at org.apache.catalina.core.ApplicationFilterChain.internalDoFilter(ApplicationFilterChain.java:205)
	at org.apache.catalina.core.ApplicationFilterChain.doFilter(ApplicationFilterChain.java:149)
	at org.apache.tomcat.websocket.server.WsFilter.doFilter(WsFilter.java:51)
	at org.apache.catalina.core.ApplicationFilterChain.internalDoFilter(ApplicationFilterChain.java:174)
	at org.apache.catalina.core.ApplicationFilterChain.doFilter(ApplicationFilterChain.java:149)
	at org.springframework.security.web.FilterChainProxy.lambda$doFilterInternal$3(FilterChainProxy.java:231)
	at org.springframework.security.web.FilterChainProxy$VirtualFilterChain.doFilter(FilterChainProxy.java:365)
	at org.springframework.security.web.access.intercept.AuthorizationFilter.doFilter(AuthorizationFilter.java:100)
	at org.springframework.security.web.FilterChainProxy$VirtualFilterChain.doFilter(FilterChainProxy.java:374)
	at org.springframework.security.web.access.ExceptionTranslationFilter.doFilter(ExceptionTranslationFilter.java:126)
	at org.springframework.security.web.access.ExceptionTranslationFilter.doFilter(ExceptionTranslationFilter.java:120)
	at org.springframework.security.web.FilterChainProxy$VirtualFilterChain.doFilter(FilterChainProxy.java:374)
	at org.springframework.security.web.authentication.AnonymousAuthenticationFilter.doFilter(AnonymousAuthenticationFilter.java:100)
	at org.springframework.security.web.FilterChainProxy$VirtualFilterChain.doFilter(FilterChainProxy.java:374)
	at org.springframework.security.web.servletapi.SecurityContextHolderAwareRequestFilter.doFilter(SecurityContextHolderAwareRequestFilter.java:179)
	at org.springframework.security.web.FilterChainProxy$VirtualFilterChain.doFilter(FilterChainProxy.java:374)
	at org.springframework.security.web.savedrequest.RequestCacheAwareFilter.doFilter(RequestCacheAwareFilter.java:63)
	at org.springframework.security.web.FilterChainProxy$VirtualFilterChain.doFilter(FilterChainProxy.java:374)
	at org.springframework.security.web.authentication.AbstractAuthenticationProcessingFilter.doFilter(AbstractAuthenticationProcessingFilter.java:227)
	at org.springframework.security.web.authentication.AbstractAuthenticationProcessingFilter.doFilter(AbstractAuthenticationProcessingFilter.java:221)
	at org.springframework.security.web.FilterChainProxy$VirtualFilterChain.doFilter(FilterChainProxy.java:374)
	at org.springframework.security.web.authentication.logout.LogoutFilter.doFilter(LogoutFilter.java:107)
	at org.springframework.security.web.authentication.logout.LogoutFilter.doFilter(LogoutFilter.java:93)
	at org.springframework.security.web.FilterChainProxy$VirtualFilterChain.doFilter(FilterChainProxy.java:374)
	at org.springframework.security.web.header.HeaderWriterFilter.doHeadersAfter(HeaderWriterFilter.java:90)
	at org.springframework.security.web.header.HeaderWriterFilter.doFilterInternal(HeaderWriterFilter.java:75)
	at org.springframework.web.filter.OncePerRequestFilter.doFilter(OncePerRequestFilter.java:116)
	at org.springframework.security.web.FilterChainProxy$VirtualFilterChain.doFilter(FilterChainProxy.java:374)
	at org.springframework.security.web.context.SecurityContextHolderFilter.doFilter(SecurityContextHolderFilter.java:82)
	at org.springframework.security.web.context.SecurityContextHolderFilter.doFilter(SecurityContextHolderFilter.java:69)
	at org.springframework.security.web.FilterChainProxy$VirtualFilterChain.doFilter(FilterChainProxy.java:374)
	at org.springframework.security.web.context.request.async.WebAsyncManagerIntegrationFilter.doFilterInternal(WebAsyncManagerIntegrationFilter.java:62)
	at org.springframework.web.filter.OncePerRequestFilter.doFilter(OncePerRequestFilter.java:116)
	at org.springframework.security.web.FilterChainProxy$VirtualFilterChain.doFilter(FilterChainProxy.java:374)
	at org.springframework.security.web.session.DisableEncodeUrlFilter.doFilterInternal(DisableEncodeUrlFilter.java:42)
	at org.springframework.web.filter.OncePerRequestFilter.doFilter(OncePerRequestFilter.java:116)
	at org.springframework.security.web.FilterChainProxy$VirtualFilterChain.doFilter(FilterChainProxy.java:374)
	at org.springframework.security.web.FilterChainProxy.doFilterInternal(FilterChainProxy.java:233)
	at org.springframework.security.web.FilterChainProxy.doFilter(FilterChainProxy.java:191)
	at org.springframework.web.filter.DelegatingFilterProxy.invokeDelegate(DelegatingFilterProxy.java:352)
	at org.springframework.web.filter.DelegatingFilterProxy.doFilter(DelegatingFilterProxy.java:268)
	at org.apache.catalina.core.ApplicationFilterChain.internalDoFilter(ApplicationFilterChain.java:174)
	at org.apache.catalina.core.ApplicationFilterChain.doFilter(ApplicationFilterChain.java:149)
	at org.springframework.web.filter.RequestContextFilter.doFilterInternal(RequestContextFilter.java:100)
	at org.springframework.web.filter.OncePerRequestFilter.doFilter(OncePerRequestFilter.java:116)
	at org.apache.catalina.core.ApplicationFilterChain.internalDoFilter(ApplicationFilterChain.java:174)
	at org.apache.catalina.core.ApplicationFilterChain.doFilter(ApplicationFilterChain.java:149)
	at org.springframework.web.filter.FormContentFilter.doFilterInternal(FormContentFilter.java:93)
	at org.springframework.web.filter.OncePerRequestFilter.doFilter(OncePerRequestFilter.java:116)
	at org.apache.catalina.core.ApplicationFilterChain.internalDoFilter(ApplicationFilterChain.java:174)
	at org.apache.catalina.core.ApplicationFilterChain.doFilter(ApplicationFilterChain.java:149)
	at org.springframework.web.filter.CharacterEncodingFilter.doFilterInternal(CharacterEncodingFilter.java:201)
	at org.springframework.web.filter.OncePerRequestFilter.doFilter(OncePerRequestFilter.java:116)
	at org.apache.catalina.core.ApplicationFilterChain.internalDoFilter(ApplicationFilterChain.java:174)
	at org.apache.catalina.core.ApplicationFilterChain.doFilter(ApplicationFilterChain.java:149)
	at org.apache.catalina.core.StandardWrapperValve.invoke(StandardWrapperValve.java:167)
	at org.apache.catalina.core.StandardContextValve.invoke(StandardContextValve.java:90)
	at org.apache.catalina.authenticator.AuthenticatorBase.invoke(AuthenticatorBase.java:482)
	at org.apache.catalina.core.StandardHostValve.invoke(StandardHostValve.java:115)
	at org.apache.catalina.valves.ErrorReportValve.invoke(ErrorReportValve.java:93)
	at org.apache.catalina.core.StandardEngineValve.invoke(StandardEngineValve.java:74)
	at org.apache.catalina.connector.CoyoteAdapter.service(CoyoteAdapter.java:340)
	at org.apache.coyote.http11.Http11Processor.service(Http11Processor.java:391)
	at org.apache.coyote.AbstractProcessorLight.process(AbstractProcessorLight.java:63)
	at org.apache.coyote.AbstractProtocol$ConnectionHandler.process(AbstractProtocol.java:896)
	at org.apache.tomcat.util.net.NioEndpoint$SocketProcessor.doRun(NioEndpoint.java:1744)
	at org.apache.tomcat.util.net.SocketProcessorBase.run(SocketProcessorBase.java:52)
	at org.apache.tomcat.util.threads.ThreadPoolExecutor.runWorker(ThreadPoolExecutor.java:1191)
	at org.apache.tomcat.util.threads.ThreadPoolExecutor$Worker.run(ThreadPoolExecutor.java:659)
	at org.apache.tomcat.util.threads.TaskThread$WrappingRunnable.run(TaskThread.java:61)
	at java.base/java.lang.Thread.run(Thread.java:1589)
[2023-10-20 13:11:05,077] http-nio-9090-exec-4 com.example.demo.Controller.DoctorController 146 WARN   - Failed to access the Appointment page
[2023-10-20 13:17:09,392] http-nio-9090-exec-1 com.example.demo.Controller.DoctorController 99 INFO   - Accessed the AddDetails page
[2023-10-20 13:17:12,385] http-nio-9090-exec-6 com.example.demo.Controller.DoctorController 340 INFO   - Doctor details have been successfully saved.
[2023-10-20 13:17:56,375] http-nio-9090-exec-8 com.example.demo.Controller.DoctorController 99 INFO   - Accessed the AddDetails page
[2023-10-20 13:17:59,811] http-nio-9090-exec-3 com.example.demo.Controller.DoctorController 340 INFO   - Doctor details have been successfully saved.
[2023-10-20 13:18:05,406] http-nio-9090-exec-2 com.example.demo.Controller.DoctorController 137 INFO   - Accessed the Appointment page
[2023-10-20 13:19:45,187] http-nio-9090-exec-9 com.example.demo.Controller.frontPageController 94 INFO   - Loaded doctor details for ID: 1
[2023-10-20 13:19:49,368] http-nio-9090-exec-8 com.example.demo.Controller.UserController 56 INFO   - Doctor details retrieved successfully for booking confirmation: com.example.demo.Model.DoctorDetails@5cdd3cfe
[2023-10-20 13:19:58,499] http-nio-9090-exec-3 com.example.demo.Controller.UserController 81 INFO   - Booking details saved successfully for doctor: Pasan
[2023-10-20 13:20:07,923] http-nio-9090-exec-3 com.example.demo.Controller.DoctorController 137 INFO   - Accessed the Appointment page
[2023-10-20 13:21:07,676] http-nio-9090-exec-3 com.example.demo.Controller.frontPageController 94 INFO   - Loaded doctor details for ID: 1
[2023-10-20 13:21:09,809] http-nio-9090-exec-7 com.example.demo.Controller.UserController 56 INFO   - Doctor details retrieved successfully for booking confirmation: com.example.demo.Model.DoctorDetails@230fdb04
[2023-10-20 13:21:17,154] http-nio-9090-exec-5 com.example.demo.Controller.UserController 81 INFO   - Booking details saved successfully for doctor: Pasan
[2023-10-20 13:22:08,059] http-nio-9090-exec-7 com.example.demo.Controller.frontPageController 94 INFO   - Loaded doctor details for ID: 1
[2023-10-20 13:22:10,691] http-nio-9090-exec-1 com.example.demo.Controller.UserController 56 INFO   - Doctor details retrieved successfully for booking confirmation: com.example.demo.Model.DoctorDetails@66bd8acd
[2023-10-20 13:22:18,023] http-nio-9090-exec-1 com.example.demo.Controller.UserController 81 INFO   - Booking details saved successfully for doctor: Pasan
[2023-10-20 13:22:25,228] http-nio-9090-exec-1 com.example.demo.Controller.DoctorController 137 INFO   - Accessed the Appointment page
[2023-10-20 13:22:28,073] http-nio-9090-exec-5 com.example.demo.Controller.DoctorController 178 INFO   - Accessed the 'approve' page for appointment with ID: 1
[2023-10-20 13:22:37,114] http-nio-9090-exec-1 com.example.demo.Controller.DoctorController 227 INFO   - Appointment with ID: 1 has been successfully approved
[2023-10-20 13:22:37,138] http-nio-9090-exec-7 com.example.demo.Controller.DoctorController 137 INFO   - Accessed the Appointment page
[2023-10-20 13:22:59,323] http-nio-9090-exec-9 com.example.demo.Controller.DoctorController 137 INFO   - Accessed the Appointment page
[2023-10-20 13:23:00,914] http-nio-9090-exec-2 com.example.demo.Controller.DoctorController 267 INFO   - Accessed the 'decline' page for appointment with ID: 1
[2023-10-20 13:23:07,936] http-nio-9090-exec-6 com.example.demo.Controller.DoctorController 319 INFO   - Appointment with ID: 1 has been declined.
[2023-10-20 13:23:07,961] http-nio-9090-exec-5 com.example.demo.Controller.DoctorController 137 INFO   - Accessed the Appointment page
[2023-10-20 13:24:46,872] http-nio-9090-exec-8 com.example.demo.Controller.DoctorController 99 INFO   - Accessed the AddDetails page
[2023-10-20 13:24:53,371] http-nio-9090-exec-4 com.example.demo.Controller.DoctorController 340 INFO   - Doctor details have been successfully saved.
[2023-10-20 13:25:51,933] http-nio-9090-exec-5 com.example.demo.Controller.frontPageController 94 INFO   - Loaded doctor details for ID: 1
[2023-10-20 13:25:55,657] http-nio-9090-exec-6 com.example.demo.Controller.UserController 56 INFO   - Doctor details retrieved successfully for booking confirmation: com.example.demo.Model.DoctorDetails@3c4e3bd
[2023-10-20 19:44:53,528] http-nio-8080-exec-1 com.example.demo.Controller.frontPageController 94 INFO   - Loaded doctor details for ID: 1
[2023-10-20 19:45:34,319] http-nio-8080-exec-5 com.example.demo.Controller.frontPageController 94 INFO   - Loaded doctor details for ID: 1
[2023-10-20 19:46:02,038] http-nio-8080-exec-9 com.example.demo.Controller.frontPageController 190 INFO   - Registration failed for user with email: maduraprasa00@gmail.com - Email already exists
[2023-10-20 19:46:15,560] http-nio-8080-exec-5 com.example.demo.Controller.frontPageController 94 INFO   - Loaded doctor details for ID: 1
[2023-10-20 19:46:17,758] http-nio-8080-exec-8 com.example.demo.Controller.UserController 56 INFO   - Doctor details retrieved successfully for booking confirmation: com.example.demo.Model.DoctorDetails@54af1c9
[2023-10-20 19:47:29,569] http-nio-8080-exec-8 com.example.demo.Controller.AdminController 103 INFO   - Accessed the manage role page
[2023-10-20 19:47:44,091] http-nio-8080-exec-1 com.example.demo.Controller.AdminController 103 INFO   - Accessed the manage role page
[2023-10-20 19:48:27,330] http-nio-8080-exec-6 com.example.demo.Controller.AdminController 103 INFO   - Accessed the manage role page
[2023-10-20 19:49:13,234] http-nio-8080-exec-7 com.example.demo.Controller.AdminController 103 INFO   - Accessed the manage role page
[2023-10-20 19:49:38,234] http-nio-8080-exec-4 com.example.demo.Controller.DoctorController 137 INFO   - Accessed the Appointment page
[2023-10-20 19:54:58,340] http-nio-8080-exec-5 com.example.demo.Controller.AdminController 103 INFO   - Accessed the manage role page
[2023-10-20 19:57:26,468] http-nio-8080-exec-7 com.example.demo.Controller.AdminController 103 INFO   - Accessed the manage role page
[2023-10-20 19:57:37,540] http-nio-8080-exec-1 com.example.demo.Controller.DoctorController 137 INFO   - Accessed the Appointment page
[2023-10-20 19:57:42,614] http-nio-8080-exec-5 com.example.demo.Controller.DoctorController 137 INFO   - Accessed the Appointment page
[2023-10-20 20:23:46,975] http-nio-8080-exec-9 com.example.demo.Controller.frontPageController 94 INFO   - Loaded doctor details for ID: 1
[2023-10-20 20:24:28,288] http-nio-8080-exec-1 com.example.demo.Controller.frontPageController 94 INFO   - Loaded doctor details for ID: 1
[2023-10-20 20:26:19,708] http-nio-8080-exec-8 com.example.demo.Controller.frontPageController 94 INFO   - Loaded doctor details for ID: 1
